[17:35:38] [ServerMain/INFO]: [bootstrap] Running Java 21 (Java HotSpot(TM) 64-Bit Server VM 21.0.6+8-LTS-188; Oracle Corporation null) on Windows 11 10.0 (amd64)
[17:35:38] [ServerMain/INFO]: [bootstrap] Loading Paper 1.21.7-29-main@21fb542 (2025-07-16T00:18:50Z) for Minecraft 1.21.7
[17:35:39] [ServerMain/INFO]: [PluginInitializerManager] Initializing plugins...
[17:35:39] [Paper Plugin Remapper Thread - 2/INFO]: [PluginRemapper] Remapping plugin 'C:\Users\Liamf\IdeaProjects\Essental_SMP_server\build\libs\Essental_SMP_server-1.0.jar'...
[17:35:39] [Paper Plugin Remapper Thread - 2/INFO]: [PluginRemapper] Done remapping plugin 'C:\Users\Liamf\IdeaProjects\Essental_SMP_server\build\libs\Essental_SMP_server-1.0.jar' in 422ms.
[17:35:40] [ServerMain/INFO]: [PluginInitializerManager] Initialized 1 plugin
[17:35:40] [ServerMain/INFO]: [PluginInitializerManager] Bukkit plugins (1):
 - Essental_SMP (1.0)
[17:35:45] [ServerMain/INFO]: Environment: Environment[sessionHost=https://sessionserver.mojang.com, servicesHost=https://api.minecraftservices.com, name=PROD]
[17:35:45] [ServerMain/INFO]: Found new data pack file/bukkit, loading it automatically
[17:35:45] [ServerMain/INFO]: Found new data pack paper, loading it automatically
[17:35:46] [ServerMain/INFO]: No existing world data, creating new world
[17:35:46] [ServerMain/INFO]: Loaded 1407 recipes
[17:35:46] [ServerMain/INFO]: Loaded 1520 advancements
[17:35:46] [ServerMain/INFO]: [ca.spottedleaf.dataconverter.minecraft.datatypes.MCTypeRegistry] Initialising converters for DataConverter...
[17:35:47] [ServerMain/INFO]: [ca.spottedleaf.dataconverter.minecraft.datatypes.MCTypeRegistry] Finished initialising converters for DataConverter in 318,3ms
[17:35:47] [Server thread/INFO]: Starting minecraft server version 1.21.7
[17:35:47] [Server thread/INFO]: Loading properties
[17:35:47] [Server thread/INFO]: This server is running Paper version 1.21.7-29-main@21fb542 (2025-07-16T00:18:50Z) (Implementing API version 1.21.7-R0.1-SNAPSHOT)
[17:35:47] [Server thread/INFO]: [spark] This server bundles the spark profiler. For more information please visit https://docs.papermc.io/paper/profiling
[17:35:47] [Server thread/INFO]: Server Ping Player Sample Count: 12
[17:35:47] [Server thread/INFO]: Using 4 threads for Netty based IO
[17:35:48] [Server thread/INFO]: [MoonriseCommon] Paper is using 4 worker threads, 1 I/O threads
[17:35:48] [Server thread/INFO]: [ChunkTaskScheduler] Chunk system is using population gen parallelism: true
[17:35:48] [Server thread/INFO]: Default game type: SURVIVAL
[17:35:48] [Server thread/INFO]: Generating keypair
[17:35:48] [Server thread/INFO]: Starting Minecraft server on *:25565
[17:35:48] [Server thread/INFO]: Using default channel type
[17:35:48] [Server thread/INFO]: Paper: Using Java compression from Velocity.
[17:35:48] [Server thread/INFO]: Paper: Using Java cipher from Velocity.
[17:35:48] [Server thread/INFO]: [Essental_SMP] Loading server plugin Essental_SMP v1.0
[17:35:48] [Server thread/INFO]: Preparing level "world"
[17:35:52] [Server thread/INFO]: Preparing start region for dimension minecraft:overworld
[17:35:52] [Server thread/INFO]: Preparing spawn area: 2%
[17:35:52] [Server thread/INFO]: Preparing spawn area: 2%
[17:35:53] [Server thread/INFO]: Preparing spawn area: 4%
[17:35:54] [Server thread/INFO]: Preparing spawn area: 4%
[17:35:54] [Server thread/INFO]: Preparing spawn area: 4%
[17:35:55] [Server thread/INFO]: Preparing spawn area: 4%
[17:35:55] [Server thread/INFO]: Time elapsed: 2590 ms
[17:35:55] [Server thread/INFO]: Preparing start region for dimension minecraft:the_nether
[17:35:55] [Server thread/INFO]: Preparing spawn area: 2%
[17:35:55] [Server thread/INFO]: Preparing spawn area: 77%
[17:35:55] [Server thread/INFO]: Time elapsed: 516 ms
[17:35:55] [Server thread/INFO]: Preparing start region for dimension minecraft:the_end
[17:35:55] [Server thread/INFO]: Preparing spawn area: 2%
[17:35:55] [Server thread/INFO]: Time elapsed: 136 ms
[17:35:55] [Server thread/INFO]: [Essental_SMP] Enabling Essental_SMP v1.0
[17:35:55] [Server thread/INFO]: [spark] Starting background profiler...
[17:35:55] [Server thread/INFO]: [spark] The async-profiler engine is not supported for your os/arch (windows11/amd64), so the built-in Java engine will be used instead.
[17:35:55] [Server thread/INFO]: Done preparing level "world" (7.348s)
[17:35:55] [Server thread/INFO]: Running delayed init tasks
[17:35:55] [Server thread/INFO]: Done (18.190s)! For help, type "help"
[17:35:55] [Server thread/INFO]: *************************************************************************************
[17:35:55] [Server thread/INFO]: This is the first time you're starting this server.
[17:35:55] [Server thread/INFO]: It's recommended you read our 'Getting Started' documentation for guidance.
[17:35:55] [Server thread/INFO]: View this and more helpful information here: https://docs.papermc.io/paper/next-steps
[17:35:55] [Server thread/INFO]: *************************************************************************************
[17:36:01] [User Authenticator #0/INFO]: UUID of player HiorCraft is de0bbf72-4e54-452b-b262-845a1e3b41ed
[17:36:02] [Server thread/INFO]: HiorCraft joined the game
[17:36:02] [Server thread/INFO]: HiorCraft[/127.0.0.1:54203] logged in with entity id 50 at ([world]1.5, 136.0, 10.5)
[17:36:13] [Server thread/INFO]: Made HiorCraft a server operator
[17:36:15] [Server thread/INFO]: [HiorCraft: Set own game mode to Creative Mode]
